<?xml version="1.0" encoding="UTF-8"?>
<!-- Generated by org.testng.reporters.JUnitReportReporter -->
<testsuite hostname="Abishek" failures="0" tests="1" name="git.Git" time="29.874" errors="0" timestamp="2024-02-26T16:03:48 IST" skipped="0">
  <testcase classname="git.Git" name="f" time="29.874"/>
  <system-out/>
</testsuite> <!-- git.Git -->
